終端機在文法中未使用

   AND
   CASE
   CHARACTER_STRING
   CONST
   DIV
   DOWNTO
   EXTERNAL
   FOR
   FORWARD
   GOTO
   IN
   LABEL
   MOD
   NIL
   OR
   OTHERWISE
   PACKED
   PFILE
   RECORD
   REPEAT
   SET
   STARSTAR
   TO
   TYPE
   UNTIL
   UPARROW
   WITH
   WRONGIDEN
   ERROR


狀態 18 衝突：1 項縮減/縮減
狀態 85 衝突：4 項偏移/縮減
狀態 99 衝突：4 項偏移/縮減
狀態 112 衝突：1 項偏移/縮減
狀態 125 衝突：4 項偏移/縮減


文法

    0 $accept: prog $end

    1 prog: PROGRAM id LPAREN identifier_list RPAREN SEMICOLON declarations subprogram_declarations compound_statement DOT

    2 num: DIGSEQ
    3    | INTEGER
    4    | REAL
    5    | REALNUMBER
    6    | MINUS INTEGER
    7    | MINUS REALNUMBER
    8    | MINUS REAL
    9    | MINUS DIGSEQ

   10 identifier_list: id
   11                | identifier_list COMMA id

   12 declarations: declarations VAR identifier_list COLON type SEMICOLON
   13             | %empty

   14 type: standard_type
   15     | ARRAY LBRAC num DOTDOT num RBRAC OF type

   16 id: IDENTIFIER

   17 standard_type: INTEGER
   18              | REAL
   19              | REALNUMBER
   20              | STRING
   21              | IDENTIFIER

   22 subprogram_declarations: subprogram_declarations subprogram_declaration SEMICOLON
   23                        | %empty

   24 subprogram_declaration: subprogram_head declarations compound_statement

   25 subprogram_head: FUNCTION id arguments COLON standard_type SEMICOLON
   26                | PROCEDURE id arguments SEMICOLON

   27 arguments: LPAREN parameter_list RPAREN
   28          | %empty

   29 semi: ';'
   30     | %empty

   31 parameter_list: optional_var identifier_list COLON type semi
   32               | optional_var identifier_list COLON type SEMICOLON parameter_list

   33 optional_var: VAR
   34             | %empty

   35 compound_statement: PBEGIN optional_statements END

   36 optional_statements: statement_list
   37                    | %empty

   38 statement_list: statement
   39               | statement_list SEMICOLON statement

   40 statement: variable ASSIGNMENT expression
   41          | procedure_statement
   42          | compound_statement
   43          | IF expression THEN statement else statement
   44          | WHILE expression DO statement
   45          | %empty

   46 else: ELSE
   47     | %empty

   48 variable: id tail

   49 tail: LBRAC expression RBRAC tail
   50     | %empty

   51 procedure_statement: id
   52                    | id LPAREN expression_list RPAREN

   53 expression_list: expression
   54                | expression_list COMMA expression

   55 expression: simple_expression
   56           | simple_expression relop simple_expression

   57 simple_expression: term
   58                  | simple_expression addop term

   59 term: factor
   60     | term mulop factor

   61 factor: id tail
   62       | id LPAREN expression_list RPAREN
   63       | num
   64       | STRING
   65       | LPAREN expression RPAREN
   66       | NOT factor

   67 addop: PLUS
   68      | MINUS

   69 mulop: STAR
   70      | SLASH

   71 relop: LT
   72      | GT
   73      | EQUAL
   74      | LE
   75      | GE
   76      | notEQUAL


終結語詞，附有它們出現處的規則

$end (0) 0
';' (59) 29
error (256)
AND (258)
ARRAY (259) 15
ASSIGNMENT (260) 40
CASE (261)
CHARACTER_STRING (262)
COLON (263) 12 25 31 32
COMMA (264) 11 54
CONST (265)
DIGSEQ (266) 2 9
DIV (267)
DO (268) 44
DOT (269) 1
DOTDOT (270) 15
DOWNTO (271)
ELSE (272) 46
END (273) 35
EQUAL (274) 73
EXTERNAL (275)
FOR (276)
FORWARD (277)
FUNCTION (278) 25
GE (279) 75
GOTO (280)
GT (281) 72
IDENTIFIER (282) 16 21
IF (283) 43
IN (284)
LABEL (285)
LBRAC (286) 15 49
LE (287) 74
LPAREN (288) 1 27 52 62 65
LT (289) 71
MINUS (290) 6 7 8 9 68
MOD (291)
NIL (292)
NOT (293) 66
notEQUAL (294) 76
OF (295) 15
OR (296)
OTHERWISE (297)
PACKED (298)
PBEGIN (299) 35
PFILE (300)
PLUS (301) 67
PROCEDURE (302) 26
PROGRAM (303) 1
RBRAC (304) 15 49
REALNUMBER (305) 5 7 19
RECORD (306)
REPEAT (307)
RPAREN (308) 1 27 52 62 65
SEMICOLON (309) 1 12 22 25 26 32 39
SET (310)
SLASH (311) 70
STAR (312) 69
STARSTAR (313)
THEN (314) 43
TO (315)
TYPE (316)
UNTIL (317)
UPARROW (318)
VAR (319) 12 33
WHILE (320) 44
WITH (321)
STRING (322) 20 64
WRONGIDEN (323)
ERROR (324)
INTEGER (325) 3 6 17
REAL (326) 4 8 18


非終結語詞，附有它們出現處的規則

$accept (73)
    於左側： 0
prog (74)
    於左側： 1, 於右側： 0
num (75)
    於左側： 2 3 4 5 6 7 8 9, 於右側： 15 63
identifier_list (76)
    於左側： 10 11, 於右側： 1 11 12 31 32
declarations (77)
    於左側： 12 13, 於右側： 1 12 24
type (78)
    於左側： 14 15, 於右側： 12 15 31 32
id (79)
    於左側： 16, 於右側： 1 10 11 25 26 48 51 52 61 62
standard_type (80)
    於左側： 17 18 19 20 21, 於右側： 14 25
subprogram_declarations (81)
    於左側： 22 23, 於右側： 1 22
subprogram_declaration (82)
    於左側： 24, 於右側： 22
subprogram_head (83)
    於左側： 25 26, 於右側： 24
arguments (84)
    於左側： 27 28, 於右側： 25 26
semi (85)
    於左側： 29 30, 於右側： 31
parameter_list (86)
    於左側： 31 32, 於右側： 27 32
optional_var (87)
    於左側： 33 34, 於右側： 31 32
compound_statement (88)
    於左側： 35, 於右側： 1 24 42
optional_statements (89)
    於左側： 36 37, 於右側： 35
statement_list (90)
    於左側： 38 39, 於右側： 36 39
statement (91)
    於左側： 40 41 42 43 44 45, 於右側： 38 39 43 44
else (92)
    於左側： 46 47, 於右側： 43
variable (93)
    於左側： 48, 於右側： 40
tail (94)
    於左側： 49 50, 於右側： 48 49 61
procedure_statement (95)
    於左側： 51 52, 於右側： 41
expression_list (96)
    於左側： 53 54, 於右側： 52 54 62
expression (97)
    於左側： 55 56, 於右側： 40 43 44 49 53 54 65
simple_expression (98)
    於左側： 57 58, 於右側： 55 56 58
term (99)
    於左側： 59 60, 於右側： 57 58 60
factor (100)
    於左側： 61 62 63 64 65 66, 於右側： 59 60 66
addop (101)
    於左側： 67 68, 於右側： 58
mulop (102)
    於左側： 69 70, 於右側： 60
relop (103)
    於左側： 71 72 73 74 75 76, 於右側： 56


狀態 0

    0 $accept: . prog $end

    PROGRAM  偏移，並進入狀態 1

    prog  進入狀態 2


狀態 1

    1 prog: PROGRAM . id LPAREN identifier_list RPAREN SEMICOLON declarations subprogram_declarations compound_statement DOT

    IDENTIFIER  偏移，並進入狀態 3

    id  進入狀態 4


狀態 2

    0 $accept: prog . $end

    $end  偏移，並進入狀態 5


狀態 3

   16 id: IDENTIFIER .

    $預設  使用規則 16 以縮減 (id)


狀態 4

    1 prog: PROGRAM id . LPAREN identifier_list RPAREN SEMICOLON declarations subprogram_declarations compound_statement DOT

    LPAREN  偏移，並進入狀態 6


狀態 5

    0 $accept: prog $end .

    $預設  接受


狀態 6

    1 prog: PROGRAM id LPAREN . identifier_list RPAREN SEMICOLON declarations subprogram_declarations compound_statement DOT

    IDENTIFIER  偏移，並進入狀態 3

    identifier_list  進入狀態 7
    id               進入狀態 8


狀態 7

    1 prog: PROGRAM id LPAREN identifier_list . RPAREN SEMICOLON declarations subprogram_declarations compound_statement DOT
   11 identifier_list: identifier_list . COMMA id

    COMMA   偏移，並進入狀態 9
    RPAREN  偏移，並進入狀態 10


狀態 8

   10 identifier_list: id .

    $預設  使用規則 10 以縮減 (identifier_list)


狀態 9

   11 identifier_list: identifier_list COMMA . id

    IDENTIFIER  偏移，並進入狀態 3

    id  進入狀態 11


狀態 10

    1 prog: PROGRAM id LPAREN identifier_list RPAREN . SEMICOLON declarations subprogram_declarations compound_statement DOT

    SEMICOLON  偏移，並進入狀態 12


狀態 11

   11 identifier_list: identifier_list COMMA id .

    $預設  使用規則 11 以縮減 (identifier_list)


狀態 12

    1 prog: PROGRAM id LPAREN identifier_list RPAREN SEMICOLON . declarations subprogram_declarations compound_statement DOT

    $預設  使用規則 13 以縮減 (declarations)

    declarations  進入狀態 13


狀態 13

    1 prog: PROGRAM id LPAREN identifier_list RPAREN SEMICOLON declarations . subprogram_declarations compound_statement DOT
   12 declarations: declarations . VAR identifier_list COLON type SEMICOLON

    VAR  偏移，並進入狀態 14

    $預設  使用規則 23 以縮減 (subprogram_declarations)

    subprogram_declarations  進入狀態 15


狀態 14

   12 declarations: declarations VAR . identifier_list COLON type SEMICOLON

    IDENTIFIER  偏移，並進入狀態 3

    identifier_list  進入狀態 16
    id               進入狀態 8


狀態 15

    1 prog: PROGRAM id LPAREN identifier_list RPAREN SEMICOLON declarations subprogram_declarations . compound_statement DOT
   22 subprogram_declarations: subprogram_declarations . subprogram_declaration SEMICOLON

    FUNCTION   偏移，並進入狀態 17
    PBEGIN     偏移，並進入狀態 18
    PROCEDURE  偏移，並進入狀態 19

    subprogram_declaration  進入狀態 20
    subprogram_head         進入狀態 21
    compound_statement      進入狀態 22


狀態 16

   11 identifier_list: identifier_list . COMMA id
   12 declarations: declarations VAR identifier_list . COLON type SEMICOLON

    COLON  偏移，並進入狀態 23
    COMMA  偏移，並進入狀態 9


狀態 17

   25 subprogram_head: FUNCTION . id arguments COLON standard_type SEMICOLON

    IDENTIFIER  偏移，並進入狀態 3

    id  進入狀態 24


狀態 18

   35 compound_statement: PBEGIN . optional_statements END

    IDENTIFIER  偏移，並進入狀態 3
    IF          偏移，並進入狀態 25
    PBEGIN      偏移，並進入狀態 18
    WHILE       偏移，並進入狀態 26

    END        使用規則 37 以縮減 (optional_statements)
    END        [使用規則 45 以縮減 (statement)]
    SEMICOLON  使用規則 45 以縮減 (statement)
    $預設    使用規則 37 以縮減 (optional_statements)

    id                   進入狀態 27
    compound_statement   進入狀態 28
    optional_statements  進入狀態 29
    statement_list       進入狀態 30
    statement            進入狀態 31
    variable             進入狀態 32
    procedure_statement  進入狀態 33


狀態 19

   26 subprogram_head: PROCEDURE . id arguments SEMICOLON

    IDENTIFIER  偏移，並進入狀態 3

    id  進入狀態 34


狀態 20

   22 subprogram_declarations: subprogram_declarations subprogram_declaration . SEMICOLON

    SEMICOLON  偏移，並進入狀態 35


狀態 21

   24 subprogram_declaration: subprogram_head . declarations compound_statement

    $預設  使用規則 13 以縮減 (declarations)

    declarations  進入狀態 36


狀態 22

    1 prog: PROGRAM id LPAREN identifier_list RPAREN SEMICOLON declarations subprogram_declarations compound_statement . DOT

    DOT  偏移，並進入狀態 37


狀態 23

   12 declarations: declarations VAR identifier_list COLON . type SEMICOLON

    ARRAY       偏移，並進入狀態 38
    IDENTIFIER  偏移，並進入狀態 39
    REALNUMBER  偏移，並進入狀態 40
    STRING      偏移，並進入狀態 41
    INTEGER     偏移，並進入狀態 42
    REAL        偏移，並進入狀態 43

    type           進入狀態 44
    standard_type  進入狀態 45


狀態 24

   25 subprogram_head: FUNCTION id . arguments COLON standard_type SEMICOLON

    LPAREN  偏移，並進入狀態 46

    $預設  使用規則 28 以縮減 (arguments)

    arguments  進入狀態 47


狀態 25

   43 statement: IF . expression THEN statement else statement

    DIGSEQ      偏移，並進入狀態 48
    IDENTIFIER  偏移，並進入狀態 3
    LPAREN      偏移，並進入狀態 49
    MINUS       偏移，並進入狀態 50
    NOT         偏移，並進入狀態 51
    REALNUMBER  偏移，並進入狀態 52
    STRING      偏移，並進入狀態 53
    INTEGER     偏移，並進入狀態 54
    REAL        偏移，並進入狀態 55

    num                進入狀態 56
    id                 進入狀態 57
    expression         進入狀態 58
    simple_expression  進入狀態 59
    term               進入狀態 60
    factor             進入狀態 61


狀態 26

   44 statement: WHILE . expression DO statement

    DIGSEQ      偏移，並進入狀態 48
    IDENTIFIER  偏移，並進入狀態 3
    LPAREN      偏移，並進入狀態 49
    MINUS       偏移，並進入狀態 50
    NOT         偏移，並進入狀態 51
    REALNUMBER  偏移，並進入狀態 52
    STRING      偏移，並進入狀態 53
    INTEGER     偏移，並進入狀態 54
    REAL        偏移，並進入狀態 55

    num                進入狀態 56
    id                 進入狀態 57
    expression         進入狀態 62
    simple_expression  進入狀態 59
    term               進入狀態 60
    factor             進入狀態 61


狀態 27

   48 variable: id . tail
   51 procedure_statement: id .
   52                    | id . LPAREN expression_list RPAREN

    LBRAC   偏移，並進入狀態 63
    LPAREN  偏移，並進入狀態 64

    ASSIGNMENT  使用規則 50 以縮減 (tail)
    $預設     使用規則 51 以縮減 (procedure_statement)

    tail  進入狀態 65


狀態 28

   42 statement: compound_statement .

    $預設  使用規則 42 以縮減 (statement)


狀態 29

   35 compound_statement: PBEGIN optional_statements . END

    END  偏移，並進入狀態 66


狀態 30

   36 optional_statements: statement_list .
   39 statement_list: statement_list . SEMICOLON statement

    SEMICOLON  偏移，並進入狀態 67

    $預設  使用規則 36 以縮減 (optional_statements)


狀態 31

   38 statement_list: statement .

    $預設  使用規則 38 以縮減 (statement_list)


狀態 32

   40 statement: variable . ASSIGNMENT expression

    ASSIGNMENT  偏移，並進入狀態 68


狀態 33

   41 statement: procedure_statement .

    $預設  使用規則 41 以縮減 (statement)


狀態 34

   26 subprogram_head: PROCEDURE id . arguments SEMICOLON

    LPAREN  偏移，並進入狀態 46

    $預設  使用規則 28 以縮減 (arguments)

    arguments  進入狀態 69


狀態 35

   22 subprogram_declarations: subprogram_declarations subprogram_declaration SEMICOLON .

    $預設  使用規則 22 以縮減 (subprogram_declarations)


狀態 36

   12 declarations: declarations . VAR identifier_list COLON type SEMICOLON
   24 subprogram_declaration: subprogram_head declarations . compound_statement

    PBEGIN  偏移，並進入狀態 18
    VAR     偏移，並進入狀態 14

    compound_statement  進入狀態 70


狀態 37

    1 prog: PROGRAM id LPAREN identifier_list RPAREN SEMICOLON declarations subprogram_declarations compound_statement DOT .

    $預設  使用規則 1 以縮減 (prog)


狀態 38

   15 type: ARRAY . LBRAC num DOTDOT num RBRAC OF type

    LBRAC  偏移，並進入狀態 71


狀態 39

   21 standard_type: IDENTIFIER .

    $預設  使用規則 21 以縮減 (standard_type)


狀態 40

   19 standard_type: REALNUMBER .

    $預設  使用規則 19 以縮減 (standard_type)


狀態 41

   20 standard_type: STRING .

    $預設  使用規則 20 以縮減 (standard_type)


狀態 42

   17 standard_type: INTEGER .

    $預設  使用規則 17 以縮減 (standard_type)


狀態 43

   18 standard_type: REAL .

    $預設  使用規則 18 以縮減 (standard_type)


狀態 44

   12 declarations: declarations VAR identifier_list COLON type . SEMICOLON

    SEMICOLON  偏移，並進入狀態 72


狀態 45

   14 type: standard_type .

    $預設  使用規則 14 以縮減 (type)


狀態 46

   27 arguments: LPAREN . parameter_list RPAREN

    VAR  偏移，並進入狀態 73

    $預設  使用規則 34 以縮減 (optional_var)

    parameter_list  進入狀態 74
    optional_var    進入狀態 75


狀態 47

   25 subprogram_head: FUNCTION id arguments . COLON standard_type SEMICOLON

    COLON  偏移，並進入狀態 76


狀態 48

    2 num: DIGSEQ .

    $預設  使用規則 2 以縮減 (num)


狀態 49

   65 factor: LPAREN . expression RPAREN

    DIGSEQ      偏移，並進入狀態 48
    IDENTIFIER  偏移，並進入狀態 3
    LPAREN      偏移，並進入狀態 49
    MINUS       偏移，並進入狀態 50
    NOT         偏移，並進入狀態 51
    REALNUMBER  偏移，並進入狀態 52
    STRING      偏移，並進入狀態 53
    INTEGER     偏移，並進入狀態 54
    REAL        偏移，並進入狀態 55

    num                進入狀態 56
    id                 進入狀態 57
    expression         進入狀態 77
    simple_expression  進入狀態 59
    term               進入狀態 60
    factor             進入狀態 61


狀態 50

    6 num: MINUS . INTEGER
    7    | MINUS . REALNUMBER
    8    | MINUS . REAL
    9    | MINUS . DIGSEQ

    DIGSEQ      偏移，並進入狀態 78
    REALNUMBER  偏移，並進入狀態 79
    INTEGER     偏移，並進入狀態 80
    REAL        偏移，並進入狀態 81


狀態 51

   66 factor: NOT . factor

    DIGSEQ      偏移，並進入狀態 48
    IDENTIFIER  偏移，並進入狀態 3
    LPAREN      偏移，並進入狀態 49
    MINUS       偏移，並進入狀態 50
    NOT         偏移，並進入狀態 51
    REALNUMBER  偏移，並進入狀態 52
    STRING      偏移，並進入狀態 53
    INTEGER     偏移，並進入狀態 54
    REAL        偏移，並進入狀態 55

    num     進入狀態 56
    id      進入狀態 57
    factor  進入狀態 82


狀態 52

    5 num: REALNUMBER .

    $預設  使用規則 5 以縮減 (num)


狀態 53

   64 factor: STRING .

    $預設  使用規則 64 以縮減 (factor)


狀態 54

    3 num: INTEGER .

    $預設  使用規則 3 以縮減 (num)


狀態 55

    4 num: REAL .

    $預設  使用規則 4 以縮減 (num)


狀態 56

   63 factor: num .

    $預設  使用規則 63 以縮減 (factor)


狀態 57

   61 factor: id . tail
   62       | id . LPAREN expression_list RPAREN

    LBRAC   偏移，並進入狀態 63
    LPAREN  偏移，並進入狀態 83

    $預設  使用規則 50 以縮減 (tail)

    tail  進入狀態 84


狀態 58

   43 statement: IF expression . THEN statement else statement

    THEN  偏移，並進入狀態 85


狀態 59

   55 expression: simple_expression .
   56           | simple_expression . relop simple_expression
   58 simple_expression: simple_expression . addop term

    EQUAL     偏移，並進入狀態 86
    GE        偏移，並進入狀態 87
    GT        偏移，並進入狀態 88
    LE        偏移，並進入狀態 89
    LT        偏移，並進入狀態 90
    MINUS     偏移，並進入狀態 91
    notEQUAL  偏移，並進入狀態 92
    PLUS      偏移，並進入狀態 93

    $預設  使用規則 55 以縮減 (expression)

    addop  進入狀態 94
    relop  進入狀態 95


狀態 60

   57 simple_expression: term .
   60 term: term . mulop factor

    SLASH  偏移，並進入狀態 96
    STAR   偏移，並進入狀態 97

    $預設  使用規則 57 以縮減 (simple_expression)

    mulop  進入狀態 98


狀態 61

   59 term: factor .

    $預設  使用規則 59 以縮減 (term)


狀態 62

   44 statement: WHILE expression . DO statement

    DO  偏移，並進入狀態 99


狀態 63

   49 tail: LBRAC . expression RBRAC tail

    DIGSEQ      偏移，並進入狀態 48
    IDENTIFIER  偏移，並進入狀態 3
    LPAREN      偏移，並進入狀態 49
    MINUS       偏移，並進入狀態 50
    NOT         偏移，並進入狀態 51
    REALNUMBER  偏移，並進入狀態 52
    STRING      偏移，並進入狀態 53
    INTEGER     偏移，並進入狀態 54
    REAL        偏移，並進入狀態 55

    num                進入狀態 56
    id                 進入狀態 57
    expression         進入狀態 100
    simple_expression  進入狀態 59
    term               進入狀態 60
    factor             進入狀態 61


狀態 64

   52 procedure_statement: id LPAREN . expression_list RPAREN

    DIGSEQ      偏移，並進入狀態 48
    IDENTIFIER  偏移，並進入狀態 3
    LPAREN      偏移，並進入狀態 49
    MINUS       偏移，並進入狀態 50
    NOT         偏移，並進入狀態 51
    REALNUMBER  偏移，並進入狀態 52
    STRING      偏移，並進入狀態 53
    INTEGER     偏移，並進入狀態 54
    REAL        偏移，並進入狀態 55

    num                進入狀態 56
    id                 進入狀態 57
    expression_list    進入狀態 101
    expression         進入狀態 102
    simple_expression  進入狀態 59
    term               進入狀態 60
    factor             進入狀態 61


狀態 65

   48 variable: id tail .

    $預設  使用規則 48 以縮減 (variable)


狀態 66

   35 compound_statement: PBEGIN optional_statements END .

    $預設  使用規則 35 以縮減 (compound_statement)


狀態 67

   39 statement_list: statement_list SEMICOLON . statement

    IDENTIFIER  偏移，並進入狀態 3
    IF          偏移，並進入狀態 25
    PBEGIN      偏移，並進入狀態 18
    WHILE       偏移，並進入狀態 26

    $預設  使用規則 45 以縮減 (statement)

    id                   進入狀態 27
    compound_statement   進入狀態 28
    statement            進入狀態 103
    variable             進入狀態 32
    procedure_statement  進入狀態 33


狀態 68

   40 statement: variable ASSIGNMENT . expression

    DIGSEQ      偏移，並進入狀態 48
    IDENTIFIER  偏移，並進入狀態 3
    LPAREN      偏移，並進入狀態 49
    MINUS       偏移，並進入狀態 50
    NOT         偏移，並進入狀態 51
    REALNUMBER  偏移，並進入狀態 52
    STRING      偏移，並進入狀態 53
    INTEGER     偏移，並進入狀態 54
    REAL        偏移，並進入狀態 55

    num                進入狀態 56
    id                 進入狀態 57
    expression         進入狀態 104
    simple_expression  進入狀態 59
    term               進入狀態 60
    factor             進入狀態 61


狀態 69

   26 subprogram_head: PROCEDURE id arguments . SEMICOLON

    SEMICOLON  偏移，並進入狀態 105


狀態 70

   24 subprogram_declaration: subprogram_head declarations compound_statement .

    $預設  使用規則 24 以縮減 (subprogram_declaration)


狀態 71

   15 type: ARRAY LBRAC . num DOTDOT num RBRAC OF type

    DIGSEQ      偏移，並進入狀態 48
    MINUS       偏移，並進入狀態 50
    REALNUMBER  偏移，並進入狀態 52
    INTEGER     偏移，並進入狀態 54
    REAL        偏移，並進入狀態 55

    num  進入狀態 106


狀態 72

   12 declarations: declarations VAR identifier_list COLON type SEMICOLON .

    $預設  使用規則 12 以縮減 (declarations)


狀態 73

   33 optional_var: VAR .

    $預設  使用規則 33 以縮減 (optional_var)


狀態 74

   27 arguments: LPAREN parameter_list . RPAREN

    RPAREN  偏移，並進入狀態 107


狀態 75

   31 parameter_list: optional_var . identifier_list COLON type semi
   32               | optional_var . identifier_list COLON type SEMICOLON parameter_list

    IDENTIFIER  偏移，並進入狀態 3

    identifier_list  進入狀態 108
    id               進入狀態 8


狀態 76

   25 subprogram_head: FUNCTION id arguments COLON . standard_type SEMICOLON

    IDENTIFIER  偏移，並進入狀態 39
    REALNUMBER  偏移，並進入狀態 40
    STRING      偏移，並進入狀態 41
    INTEGER     偏移，並進入狀態 42
    REAL        偏移，並進入狀態 43

    standard_type  進入狀態 109


狀態 77

   65 factor: LPAREN expression . RPAREN

    RPAREN  偏移，並進入狀態 110


狀態 78

    9 num: MINUS DIGSEQ .

    $預設  使用規則 9 以縮減 (num)


狀態 79

    7 num: MINUS REALNUMBER .

    $預設  使用規則 7 以縮減 (num)


狀態 80

    6 num: MINUS INTEGER .

    $預設  使用規則 6 以縮減 (num)


狀態 81

    8 num: MINUS REAL .

    $預設  使用規則 8 以縮減 (num)


狀態 82

   66 factor: NOT factor .

    $預設  使用規則 66 以縮減 (factor)


狀態 83

   62 factor: id LPAREN . expression_list RPAREN

    DIGSEQ      偏移，並進入狀態 48
    IDENTIFIER  偏移，並進入狀態 3
    LPAREN      偏移，並進入狀態 49
    MINUS       偏移，並進入狀態 50
    NOT         偏移，並進入狀態 51
    REALNUMBER  偏移，並進入狀態 52
    STRING      偏移，並進入狀態 53
    INTEGER     偏移，並進入狀態 54
    REAL        偏移，並進入狀態 55

    num                進入狀態 56
    id                 進入狀態 57
    expression_list    進入狀態 111
    expression         進入狀態 102
    simple_expression  進入狀態 59
    term               進入狀態 60
    factor             進入狀態 61


狀態 84

   61 factor: id tail .

    $預設  使用規則 61 以縮減 (factor)


狀態 85

   43 statement: IF expression THEN . statement else statement

    IDENTIFIER  偏移，並進入狀態 3
    IF          偏移，並進入狀態 25
    PBEGIN      偏移，並進入狀態 18
    WHILE       偏移，並進入狀態 26

    IDENTIFIER  [使用規則 45 以縮減 (statement)]
    IF          [使用規則 45 以縮減 (statement)]
    PBEGIN      [使用規則 45 以縮減 (statement)]
    WHILE       [使用規則 45 以縮減 (statement)]
    $預設     使用規則 45 以縮減 (statement)

    id                   進入狀態 27
    compound_statement   進入狀態 28
    statement            進入狀態 112
    variable             進入狀態 32
    procedure_statement  進入狀態 33


狀態 86

   73 relop: EQUAL .

    $預設  使用規則 73 以縮減 (relop)


狀態 87

   75 relop: GE .

    $預設  使用規則 75 以縮減 (relop)


狀態 88

   72 relop: GT .

    $預設  使用規則 72 以縮減 (relop)


狀態 89

   74 relop: LE .

    $預設  使用規則 74 以縮減 (relop)


狀態 90

   71 relop: LT .

    $預設  使用規則 71 以縮減 (relop)


狀態 91

   68 addop: MINUS .

    $預設  使用規則 68 以縮減 (addop)


狀態 92

   76 relop: notEQUAL .

    $預設  使用規則 76 以縮減 (relop)


狀態 93

   67 addop: PLUS .

    $預設  使用規則 67 以縮減 (addop)


狀態 94

   58 simple_expression: simple_expression addop . term

    DIGSEQ      偏移，並進入狀態 48
    IDENTIFIER  偏移，並進入狀態 3
    LPAREN      偏移，並進入狀態 49
    MINUS       偏移，並進入狀態 50
    NOT         偏移，並進入狀態 51
    REALNUMBER  偏移，並進入狀態 52
    STRING      偏移，並進入狀態 53
    INTEGER     偏移，並進入狀態 54
    REAL        偏移，並進入狀態 55

    num     進入狀態 56
    id      進入狀態 57
    term    進入狀態 113
    factor  進入狀態 61


狀態 95

   56 expression: simple_expression relop . simple_expression

    DIGSEQ      偏移，並進入狀態 48
    IDENTIFIER  偏移，並進入狀態 3
    LPAREN      偏移，並進入狀態 49
    MINUS       偏移，並進入狀態 50
    NOT         偏移，並進入狀態 51
    REALNUMBER  偏移，並進入狀態 52
    STRING      偏移，並進入狀態 53
    INTEGER     偏移，並進入狀態 54
    REAL        偏移，並進入狀態 55

    num                進入狀態 56
    id                 進入狀態 57
    simple_expression  進入狀態 114
    term               進入狀態 60
    factor             進入狀態 61


狀態 96

   70 mulop: SLASH .

    $預設  使用規則 70 以縮減 (mulop)


狀態 97

   69 mulop: STAR .

    $預設  使用規則 69 以縮減 (mulop)


狀態 98

   60 term: term mulop . factor

    DIGSEQ      偏移，並進入狀態 48
    IDENTIFIER  偏移，並進入狀態 3
    LPAREN      偏移，並進入狀態 49
    MINUS       偏移，並進入狀態 50
    NOT         偏移，並進入狀態 51
    REALNUMBER  偏移，並進入狀態 52
    STRING      偏移，並進入狀態 53
    INTEGER     偏移，並進入狀態 54
    REAL        偏移，並進入狀態 55

    num     進入狀態 56
    id      進入狀態 57
    factor  進入狀態 115


狀態 99

   44 statement: WHILE expression DO . statement

    IDENTIFIER  偏移，並進入狀態 3
    IF          偏移，並進入狀態 25
    PBEGIN      偏移，並進入狀態 18
    WHILE       偏移，並進入狀態 26

    IDENTIFIER  [使用規則 45 以縮減 (statement)]
    IF          [使用規則 45 以縮減 (statement)]
    PBEGIN      [使用規則 45 以縮減 (statement)]
    WHILE       [使用規則 45 以縮減 (statement)]
    $預設     使用規則 45 以縮減 (statement)

    id                   進入狀態 27
    compound_statement   進入狀態 28
    statement            進入狀態 116
    variable             進入狀態 32
    procedure_statement  進入狀態 33


狀態 100

   49 tail: LBRAC expression . RBRAC tail

    RBRAC  偏移，並進入狀態 117


狀態 101

   52 procedure_statement: id LPAREN expression_list . RPAREN
   54 expression_list: expression_list . COMMA expression

    COMMA   偏移，並進入狀態 118
    RPAREN  偏移，並進入狀態 119


狀態 102

   53 expression_list: expression .

    $預設  使用規則 53 以縮減 (expression_list)


狀態 103

   39 statement_list: statement_list SEMICOLON statement .

    $預設  使用規則 39 以縮減 (statement_list)


狀態 104

   40 statement: variable ASSIGNMENT expression .

    $預設  使用規則 40 以縮減 (statement)


狀態 105

   26 subprogram_head: PROCEDURE id arguments SEMICOLON .

    $預設  使用規則 26 以縮減 (subprogram_head)


狀態 106

   15 type: ARRAY LBRAC num . DOTDOT num RBRAC OF type

    DOTDOT  偏移，並進入狀態 120


狀態 107

   27 arguments: LPAREN parameter_list RPAREN .

    $預設  使用規則 27 以縮減 (arguments)


狀態 108

   11 identifier_list: identifier_list . COMMA id
   31 parameter_list: optional_var identifier_list . COLON type semi
   32               | optional_var identifier_list . COLON type SEMICOLON parameter_list

    COLON  偏移，並進入狀態 121
    COMMA  偏移，並進入狀態 9


狀態 109

   25 subprogram_head: FUNCTION id arguments COLON standard_type . SEMICOLON

    SEMICOLON  偏移，並進入狀態 122


狀態 110

   65 factor: LPAREN expression RPAREN .

    $預設  使用規則 65 以縮減 (factor)


狀態 111

   54 expression_list: expression_list . COMMA expression
   62 factor: id LPAREN expression_list . RPAREN

    COMMA   偏移，並進入狀態 118
    RPAREN  偏移，並進入狀態 123


狀態 112

   43 statement: IF expression THEN statement . else statement

    ELSE  偏移，並進入狀態 124

    ELSE     [使用規則 47 以縮減 (else)]
    $預設  使用規則 47 以縮減 (else)

    else  進入狀態 125


狀態 113

   58 simple_expression: simple_expression addop term .
   60 term: term . mulop factor

    SLASH  偏移，並進入狀態 96
    STAR   偏移，並進入狀態 97

    $預設  使用規則 58 以縮減 (simple_expression)

    mulop  進入狀態 98


狀態 114

   56 expression: simple_expression relop simple_expression .
   58 simple_expression: simple_expression . addop term

    MINUS  偏移，並進入狀態 91
    PLUS   偏移，並進入狀態 93

    $預設  使用規則 56 以縮減 (expression)

    addop  進入狀態 94


狀態 115

   60 term: term mulop factor .

    $預設  使用規則 60 以縮減 (term)


狀態 116

   44 statement: WHILE expression DO statement .

    $預設  使用規則 44 以縮減 (statement)


狀態 117

   49 tail: LBRAC expression RBRAC . tail

    LBRAC  偏移，並進入狀態 63

    $預設  使用規則 50 以縮減 (tail)

    tail  進入狀態 126


狀態 118

   54 expression_list: expression_list COMMA . expression

    DIGSEQ      偏移，並進入狀態 48
    IDENTIFIER  偏移，並進入狀態 3
    LPAREN      偏移，並進入狀態 49
    MINUS       偏移，並進入狀態 50
    NOT         偏移，並進入狀態 51
    REALNUMBER  偏移，並進入狀態 52
    STRING      偏移，並進入狀態 53
    INTEGER     偏移，並進入狀態 54
    REAL        偏移，並進入狀態 55

    num                進入狀態 56
    id                 進入狀態 57
    expression         進入狀態 127
    simple_expression  進入狀態 59
    term               進入狀態 60
    factor             進入狀態 61


狀態 119

   52 procedure_statement: id LPAREN expression_list RPAREN .

    $預設  使用規則 52 以縮減 (procedure_statement)


狀態 120

   15 type: ARRAY LBRAC num DOTDOT . num RBRAC OF type

    DIGSEQ      偏移，並進入狀態 48
    MINUS       偏移，並進入狀態 50
    REALNUMBER  偏移，並進入狀態 52
    INTEGER     偏移，並進入狀態 54
    REAL        偏移，並進入狀態 55

    num  進入狀態 128


狀態 121

   31 parameter_list: optional_var identifier_list COLON . type semi
   32               | optional_var identifier_list COLON . type SEMICOLON parameter_list

    ARRAY       偏移，並進入狀態 38
    IDENTIFIER  偏移，並進入狀態 39
    REALNUMBER  偏移，並進入狀態 40
    STRING      偏移，並進入狀態 41
    INTEGER     偏移，並進入狀態 42
    REAL        偏移，並進入狀態 43

    type           進入狀態 129
    standard_type  進入狀態 45


狀態 122

   25 subprogram_head: FUNCTION id arguments COLON standard_type SEMICOLON .

    $預設  使用規則 25 以縮減 (subprogram_head)


狀態 123

   62 factor: id LPAREN expression_list RPAREN .

    $預設  使用規則 62 以縮減 (factor)


狀態 124

   46 else: ELSE .

    $預設  使用規則 46 以縮減 (else)


狀態 125

   43 statement: IF expression THEN statement else . statement

    IDENTIFIER  偏移，並進入狀態 3
    IF          偏移，並進入狀態 25
    PBEGIN      偏移，並進入狀態 18
    WHILE       偏移，並進入狀態 26

    IDENTIFIER  [使用規則 45 以縮減 (statement)]
    IF          [使用規則 45 以縮減 (statement)]
    PBEGIN      [使用規則 45 以縮減 (statement)]
    WHILE       [使用規則 45 以縮減 (statement)]
    $預設     使用規則 45 以縮減 (statement)

    id                   進入狀態 27
    compound_statement   進入狀態 28
    statement            進入狀態 130
    variable             進入狀態 32
    procedure_statement  進入狀態 33


狀態 126

   49 tail: LBRAC expression RBRAC tail .

    $預設  使用規則 49 以縮減 (tail)


狀態 127

   54 expression_list: expression_list COMMA expression .

    $預設  使用規則 54 以縮減 (expression_list)


狀態 128

   15 type: ARRAY LBRAC num DOTDOT num . RBRAC OF type

    RBRAC  偏移，並進入狀態 131


狀態 129

   31 parameter_list: optional_var identifier_list COLON type . semi
   32               | optional_var identifier_list COLON type . SEMICOLON parameter_list

    SEMICOLON  偏移，並進入狀態 132
    ';'        偏移，並進入狀態 133

    $預設  使用規則 30 以縮減 (semi)

    semi  進入狀態 134


狀態 130

   43 statement: IF expression THEN statement else statement .

    $預設  使用規則 43 以縮減 (statement)


狀態 131

   15 type: ARRAY LBRAC num DOTDOT num RBRAC . OF type

    OF  偏移，並進入狀態 135


狀態 132

   32 parameter_list: optional_var identifier_list COLON type SEMICOLON . parameter_list

    VAR  偏移，並進入狀態 73

    $預設  使用規則 34 以縮減 (optional_var)

    parameter_list  進入狀態 136
    optional_var    進入狀態 75


狀態 133

   29 semi: ';' .

    $預設  使用規則 29 以縮減 (semi)


狀態 134

   31 parameter_list: optional_var identifier_list COLON type semi .

    $預設  使用規則 31 以縮減 (parameter_list)


狀態 135

   15 type: ARRAY LBRAC num DOTDOT num RBRAC OF . type

    ARRAY       偏移，並進入狀態 38
    IDENTIFIER  偏移，並進入狀態 39
    REALNUMBER  偏移，並進入狀態 40
    STRING      偏移，並進入狀態 41
    INTEGER     偏移，並進入狀態 42
    REAL        偏移，並進入狀態 43

    type           進入狀態 137
    standard_type  進入狀態 45


狀態 136

   32 parameter_list: optional_var identifier_list COLON type SEMICOLON parameter_list .

    $預設  使用規則 32 以縮減 (parameter_list)


狀態 137

   15 type: ARRAY LBRAC num DOTDOT num RBRAC OF type .

    $預設  使用規則 15 以縮減 (type)
