終端機在文法中未使用

   CASE
   CHARACTER_STRING
   CONST
   DIV
   DOWNTO
   EXTERNAL
   FOR
   FORWARD
   GOTO
   IN
   LABEL
   MOD
   NIL
   OTHERWISE
   PACKED
   PFILE
   RECORD
   REPEAT
   SET
   STARSTAR
   TO
   TYPE
   UNTIL
   UPARROW
   WITH
   WRONGIDEN
   ERROR


狀態 28 衝突：1 項縮減/縮減


文法

    0 $accept: prog $end

    1 $@1: %empty

    2 $@2: %empty

    3 $@3: %empty

    4 prog: PROGRAM id $@1 LPAREN $@2 identifier_list RPAREN $@3 SEMICOLON declarations subprogram_declarations compound_statement DOT

    5 num: DIGSEQ
    6    | REALNUMBER

    7 id: IDENTIFIER

    8 identifier_list: id
    9                | identifier_list COMMA id

   10 $@4: %empty

   11 declarations: declarations VAR identifier_list COLON type $@4 SEMICOLON
   12             | %empty

   13 type: standard_type
   14     | ARRAY LBRAC num DOTDOT num RBRAC OF type

   15 standard_type: INTEGER
   16              | REAL
   17              | STRING

   18 subprogram_declarations: subprogram_declarations subprogram_declaration SEMICOLON
   19                        | %empty

   20 subprogram_declaration: subprogram_head declarations subprogram_declarations compound_statement

   21 subprogram_head: FUNCTION id arguments COLON standard_type SEMICOLON
   22                | PROCEDURE id arguments SEMICOLON

   23 arguments: LPAREN parameter_list RPAREN
   24          | %empty

   25 parameter_list: optional_var identifier_list COLON type
   26               | optional_var identifier_list COLON type SEMICOLON parameter_list

   27 optional_var: VAR
   28             | %empty

   29 $@5: %empty

   30 compound_statement: PBEGIN $@5 optional_statements END

   31 optional_statements: statement_list
   32                    | %empty

   33 statement_list: statement
   34               | statement_list SEMICOLON statement

   35 statement: variable ASSIGNMENT expression
   36          | procedure_statement
   37          | compound_statement
   38          | IF expression THEN statement ELSE statement
   39          | WHILE expression DO statement
   40          | %empty

   41 variable: id tail

   42 tail: LBRAC expression RBRAC tail
   43     | %empty

   44 procedure_statement: id
   45                    | id LPAREN expression_list RPAREN

   46 expression_list: expression
   47                | expression_list COMMA expression

   48 expression: boolexpression
   49           | boolexpression AND boolexpression
   50           | boolexpression OR boolexpression

   51 boolexpression: simple_expression
   52               | simple_expression relop simple_expression

   53 simple_expression: term
   54                  | simple_expression addop term

   55 term: factor
   56     | term mulop factor

   57 factor: id tail
   58       | id LPAREN expression_list RPAREN
   59       | num
   60       | STRING
   61       | LPAREN expression RPAREN
   62       | NOT factor

   63 addop: PLUS
   64      | MINUS

   65 mulop: STAR
   66      | SLASH

   67 relop: LT
   68      | GT
   69      | EQUAL
   70      | LE
   71      | GE
   72      | notEQUAL


終結語詞，附有它們出現處的規則

$end (0) 0
error (256)
DIGSEQ (258) 5
AND (259) 49
ARRAY (260) 14
ASSIGNMENT (261) 35
CASE (262)
CHARACTER_STRING (263)
COLON (264) 11 21 25 26
COMMA (265) 9 47
CONST (266)
DIV (267)
DO (268) 39
DOT (269) 4
DOTDOT (270) 14
DOWNTO (271)
ELSE (272) 38
END (273) 30
EQUAL (274) 69
EXTERNAL (275)
FOR (276)
FORWARD (277)
FUNCTION (278) 21
GE (279) 71
GOTO (280)
GT (281) 68
IDENTIFIER (282) 7
IF (283) 38
IN (284)
LABEL (285)
LBRAC (286) 14 42
LE (287) 70
LPAREN (288) 4 23 45 58 61
LT (289) 67
MINUS (290) 64
MOD (291)
NIL (292)
NOT (293) 62
notEQUAL (294) 72
OF (295) 14
OR (296) 50
OTHERWISE (297)
PACKED (298)
PBEGIN (299) 30
PFILE (300)
PLUS (301) 63
PROCEDURE (302) 22
PROGRAM (303) 4
RBRAC (304) 14 42
RECORD (305)
REPEAT (306)
RPAREN (307) 4 23 45 58 61
SEMICOLON (308) 4 11 18 21 22 26 34
SET (309)
SLASH (310) 66
STAR (311) 65
STARSTAR (312)
THEN (313) 38
TO (314)
TYPE (315)
UNTIL (316)
UPARROW (317)
VAR (318) 11 27
WHILE (319) 39
WITH (320)
STRING (321) 17 60
WRONGIDEN (322)
ERROR (323)
INTEGER (324) 15
REAL (325) 16
REALNUMBER (326) 6


非終結語詞，附有它們出現處的規則

$accept (72)
    於左側： 0
prog (73)
    於左側： 4, 於右側： 0
$@1 (74)
    於左側： 1, 於右側： 4
$@2 (75)
    於左側： 2, 於右側： 4
$@3 (76)
    於左側： 3, 於右側： 4
num (77)
    於左側： 5 6, 於右側： 14 59
id (78)
    於左側： 7, 於右側： 4 8 9 21 22 41 44 45 57 58
identifier_list (79)
    於左側： 8 9, 於右側： 4 9 11 25 26
declarations (80)
    於左側： 11 12, 於右側： 4 11 20
$@4 (81)
    於左側： 10, 於右側： 11
type (82)
    於左側： 13 14, 於右側： 11 14 25 26
standard_type (83)
    於左側： 15 16 17, 於右側： 13 21
subprogram_declarations (84)
    於左側： 18 19, 於右側： 4 18 20
subprogram_declaration (85)
    於左側： 20, 於右側： 18
subprogram_head (86)
    於左側： 21 22, 於右側： 20
arguments (87)
    於左側： 23 24, 於右側： 21 22
parameter_list (88)
    於左側： 25 26, 於右側： 23 26
optional_var (89)
    於左側： 27 28, 於右側： 25 26
compound_statement (90)
    於左側： 30, 於右側： 4 20 37
$@5 (91)
    於左側： 29, 於右側： 30
optional_statements (92)
    於左側： 31 32, 於右側： 30
statement_list (93)
    於左側： 33 34, 於右側： 31 34
statement (94)
    於左側： 35 36 37 38 39 40, 於右側： 33 34 38 39
variable (95)
    於左側： 41, 於右側： 35
tail (96)
    於左側： 42 43, 於右側： 41 42 57
procedure_statement (97)
    於左側： 44 45, 於右側： 36
expression_list (98)
    於左側： 46 47, 於右側： 45 47 58
expression (99)
    於左側： 48 49 50, 於右側： 35 38 39 42 46 47 61
boolexpression (100)
    於左側： 51 52, 於右側： 48 49 50
simple_expression (101)
    於左側： 53 54, 於右側： 51 52 54
term (102)
    於左側： 55 56, 於右側： 53 54 56
factor (103)
    於左側： 57 58 59 60 61 62, 於右側： 55 56 62
addop (104)
    於左側： 63 64, 於右側： 54
mulop (105)
    於左側： 65 66, 於右側： 56
relop (106)
    於左側： 67 68 69 70 71 72, 於右側： 52


狀態 0

    0 $accept: . prog $end

    PROGRAM  偏移，並進入狀態 1

    prog  進入狀態 2


狀態 1

    4 prog: PROGRAM . id $@1 LPAREN $@2 identifier_list RPAREN $@3 SEMICOLON declarations subprogram_declarations compound_statement DOT

    IDENTIFIER  偏移，並進入狀態 3

    id  進入狀態 4


狀態 2

    0 $accept: prog . $end

    $end  偏移，並進入狀態 5


狀態 3

    7 id: IDENTIFIER .

    $預設  使用規則 7 以縮減 (id)


狀態 4

    4 prog: PROGRAM id . $@1 LPAREN $@2 identifier_list RPAREN $@3 SEMICOLON declarations subprogram_declarations compound_statement DOT

    $預設  使用規則 1 以縮減 ($@1)

    $@1  進入狀態 6


狀態 5

    0 $accept: prog $end .

    $預設  接受


狀態 6

    4 prog: PROGRAM id $@1 . LPAREN $@2 identifier_list RPAREN $@3 SEMICOLON declarations subprogram_declarations compound_statement DOT

    LPAREN  偏移，並進入狀態 7


狀態 7

    4 prog: PROGRAM id $@1 LPAREN . $@2 identifier_list RPAREN $@3 SEMICOLON declarations subprogram_declarations compound_statement DOT

    $預設  使用規則 2 以縮減 ($@2)

    $@2  進入狀態 8


狀態 8

    4 prog: PROGRAM id $@1 LPAREN $@2 . identifier_list RPAREN $@3 SEMICOLON declarations subprogram_declarations compound_statement DOT

    IDENTIFIER  偏移，並進入狀態 3

    id               進入狀態 9
    identifier_list  進入狀態 10


狀態 9

    8 identifier_list: id .

    $預設  使用規則 8 以縮減 (identifier_list)


狀態 10

    4 prog: PROGRAM id $@1 LPAREN $@2 identifier_list . RPAREN $@3 SEMICOLON declarations subprogram_declarations compound_statement DOT
    9 identifier_list: identifier_list . COMMA id

    COMMA   偏移，並進入狀態 11
    RPAREN  偏移，並進入狀態 12


狀態 11

    9 identifier_list: identifier_list COMMA . id

    IDENTIFIER  偏移，並進入狀態 3

    id  進入狀態 13


狀態 12

    4 prog: PROGRAM id $@1 LPAREN $@2 identifier_list RPAREN . $@3 SEMICOLON declarations subprogram_declarations compound_statement DOT

    $預設  使用規則 3 以縮減 ($@3)

    $@3  進入狀態 14


狀態 13

    9 identifier_list: identifier_list COMMA id .

    $預設  使用規則 9 以縮減 (identifier_list)


狀態 14

    4 prog: PROGRAM id $@1 LPAREN $@2 identifier_list RPAREN $@3 . SEMICOLON declarations subprogram_declarations compound_statement DOT

    SEMICOLON  偏移，並進入狀態 15


狀態 15

    4 prog: PROGRAM id $@1 LPAREN $@2 identifier_list RPAREN $@3 SEMICOLON . declarations subprogram_declarations compound_statement DOT

    $預設  使用規則 12 以縮減 (declarations)

    declarations  進入狀態 16


狀態 16

    4 prog: PROGRAM id $@1 LPAREN $@2 identifier_list RPAREN $@3 SEMICOLON declarations . subprogram_declarations compound_statement DOT
   11 declarations: declarations . VAR identifier_list COLON type $@4 SEMICOLON

    VAR  偏移，並進入狀態 17

    $預設  使用規則 19 以縮減 (subprogram_declarations)

    subprogram_declarations  進入狀態 18


狀態 17

   11 declarations: declarations VAR . identifier_list COLON type $@4 SEMICOLON

    IDENTIFIER  偏移，並進入狀態 3

    id               進入狀態 9
    identifier_list  進入狀態 19


狀態 18

    4 prog: PROGRAM id $@1 LPAREN $@2 identifier_list RPAREN $@3 SEMICOLON declarations subprogram_declarations . compound_statement DOT
   18 subprogram_declarations: subprogram_declarations . subprogram_declaration SEMICOLON

    FUNCTION   偏移，並進入狀態 20
    PBEGIN     偏移，並進入狀態 21
    PROCEDURE  偏移，並進入狀態 22

    subprogram_declaration  進入狀態 23
    subprogram_head         進入狀態 24
    compound_statement      進入狀態 25


狀態 19

    9 identifier_list: identifier_list . COMMA id
   11 declarations: declarations VAR identifier_list . COLON type $@4 SEMICOLON

    COLON  偏移，並進入狀態 26
    COMMA  偏移，並進入狀態 11


狀態 20

   21 subprogram_head: FUNCTION . id arguments COLON standard_type SEMICOLON

    IDENTIFIER  偏移，並進入狀態 3

    id  進入狀態 27


狀態 21

   30 compound_statement: PBEGIN . $@5 optional_statements END

    $預設  使用規則 29 以縮減 ($@5)

    $@5  進入狀態 28


狀態 22

   22 subprogram_head: PROCEDURE . id arguments SEMICOLON

    IDENTIFIER  偏移，並進入狀態 3

    id  進入狀態 29


狀態 23

   18 subprogram_declarations: subprogram_declarations subprogram_declaration . SEMICOLON

    SEMICOLON  偏移，並進入狀態 30


狀態 24

   20 subprogram_declaration: subprogram_head . declarations subprogram_declarations compound_statement

    $預設  使用規則 12 以縮減 (declarations)

    declarations  進入狀態 31


狀態 25

    4 prog: PROGRAM id $@1 LPAREN $@2 identifier_list RPAREN $@3 SEMICOLON declarations subprogram_declarations compound_statement . DOT

    DOT  偏移，並進入狀態 32


狀態 26

   11 declarations: declarations VAR identifier_list COLON . type $@4 SEMICOLON

    ARRAY    偏移，並進入狀態 33
    STRING   偏移，並進入狀態 34
    INTEGER  偏移，並進入狀態 35
    REAL     偏移，並進入狀態 36

    type           進入狀態 37
    standard_type  進入狀態 38


狀態 27

   21 subprogram_head: FUNCTION id . arguments COLON standard_type SEMICOLON

    LPAREN  偏移，並進入狀態 39

    $預設  使用規則 24 以縮減 (arguments)

    arguments  進入狀態 40


狀態 28

   30 compound_statement: PBEGIN $@5 . optional_statements END

    IDENTIFIER  偏移，並進入狀態 3
    IF          偏移，並進入狀態 41
    PBEGIN      偏移，並進入狀態 21
    WHILE       偏移，並進入狀態 42

    END        使用規則 32 以縮減 (optional_statements)
    END        [使用規則 40 以縮減 (statement)]
    SEMICOLON  使用規則 40 以縮減 (statement)
    $預設    使用規則 32 以縮減 (optional_statements)

    id                   進入狀態 43
    compound_statement   進入狀態 44
    optional_statements  進入狀態 45
    statement_list       進入狀態 46
    statement            進入狀態 47
    variable             進入狀態 48
    procedure_statement  進入狀態 49


狀態 29

   22 subprogram_head: PROCEDURE id . arguments SEMICOLON

    LPAREN  偏移，並進入狀態 39

    $預設  使用規則 24 以縮減 (arguments)

    arguments  進入狀態 50


狀態 30

   18 subprogram_declarations: subprogram_declarations subprogram_declaration SEMICOLON .

    $預設  使用規則 18 以縮減 (subprogram_declarations)


狀態 31

   11 declarations: declarations . VAR identifier_list COLON type $@4 SEMICOLON
   20 subprogram_declaration: subprogram_head declarations . subprogram_declarations compound_statement

    VAR  偏移，並進入狀態 17

    $預設  使用規則 19 以縮減 (subprogram_declarations)

    subprogram_declarations  進入狀態 51


狀態 32

    4 prog: PROGRAM id $@1 LPAREN $@2 identifier_list RPAREN $@3 SEMICOLON declarations subprogram_declarations compound_statement DOT .

    $預設  使用規則 4 以縮減 (prog)


狀態 33

   14 type: ARRAY . LBRAC num DOTDOT num RBRAC OF type

    LBRAC  偏移，並進入狀態 52


狀態 34

   17 standard_type: STRING .

    $預設  使用規則 17 以縮減 (standard_type)


狀態 35

   15 standard_type: INTEGER .

    $預設  使用規則 15 以縮減 (standard_type)


狀態 36

   16 standard_type: REAL .

    $預設  使用規則 16 以縮減 (standard_type)


狀態 37

   11 declarations: declarations VAR identifier_list COLON type . $@4 SEMICOLON

    $預設  使用規則 10 以縮減 ($@4)

    $@4  進入狀態 53


狀態 38

   13 type: standard_type .

    $預設  使用規則 13 以縮減 (type)


狀態 39

   23 arguments: LPAREN . parameter_list RPAREN

    VAR  偏移，並進入狀態 54

    $預設  使用規則 28 以縮減 (optional_var)

    parameter_list  進入狀態 55
    optional_var    進入狀態 56


狀態 40

   21 subprogram_head: FUNCTION id arguments . COLON standard_type SEMICOLON

    COLON  偏移，並進入狀態 57


狀態 41

   38 statement: IF . expression THEN statement ELSE statement

    DIGSEQ      偏移，並進入狀態 58
    IDENTIFIER  偏移，並進入狀態 3
    LPAREN      偏移，並進入狀態 59
    NOT         偏移，並進入狀態 60
    STRING      偏移，並進入狀態 61
    REALNUMBER  偏移，並進入狀態 62

    num                進入狀態 63
    id                 進入狀態 64
    expression         進入狀態 65
    boolexpression     進入狀態 66
    simple_expression  進入狀態 67
    term               進入狀態 68
    factor             進入狀態 69


狀態 42

   39 statement: WHILE . expression DO statement

    DIGSEQ      偏移，並進入狀態 58
    IDENTIFIER  偏移，並進入狀態 3
    LPAREN      偏移，並進入狀態 59
    NOT         偏移，並進入狀態 60
    STRING      偏移，並進入狀態 61
    REALNUMBER  偏移，並進入狀態 62

    num                進入狀態 63
    id                 進入狀態 64
    expression         進入狀態 70
    boolexpression     進入狀態 66
    simple_expression  進入狀態 67
    term               進入狀態 68
    factor             進入狀態 69


狀態 43

   41 variable: id . tail
   44 procedure_statement: id .
   45                    | id . LPAREN expression_list RPAREN

    LBRAC   偏移，並進入狀態 71
    LPAREN  偏移，並進入狀態 72

    ASSIGNMENT  使用規則 43 以縮減 (tail)
    $預設     使用規則 44 以縮減 (procedure_statement)

    tail  進入狀態 73


狀態 44

   37 statement: compound_statement .

    $預設  使用規則 37 以縮減 (statement)


狀態 45

   30 compound_statement: PBEGIN $@5 optional_statements . END

    END  偏移，並進入狀態 74


狀態 46

   31 optional_statements: statement_list .
   34 statement_list: statement_list . SEMICOLON statement

    SEMICOLON  偏移，並進入狀態 75

    $預設  使用規則 31 以縮減 (optional_statements)


狀態 47

   33 statement_list: statement .

    $預設  使用規則 33 以縮減 (statement_list)


狀態 48

   35 statement: variable . ASSIGNMENT expression

    ASSIGNMENT  偏移，並進入狀態 76


狀態 49

   36 statement: procedure_statement .

    $預設  使用規則 36 以縮減 (statement)


狀態 50

   22 subprogram_head: PROCEDURE id arguments . SEMICOLON

    SEMICOLON  偏移，並進入狀態 77


狀態 51

   18 subprogram_declarations: subprogram_declarations . subprogram_declaration SEMICOLON
   20 subprogram_declaration: subprogram_head declarations subprogram_declarations . compound_statement

    FUNCTION   偏移，並進入狀態 20
    PBEGIN     偏移，並進入狀態 21
    PROCEDURE  偏移，並進入狀態 22

    subprogram_declaration  進入狀態 23
    subprogram_head         進入狀態 24
    compound_statement      進入狀態 78


狀態 52

   14 type: ARRAY LBRAC . num DOTDOT num RBRAC OF type

    DIGSEQ      偏移，並進入狀態 58
    REALNUMBER  偏移，並進入狀態 62

    num  進入狀態 79


狀態 53

   11 declarations: declarations VAR identifier_list COLON type $@4 . SEMICOLON

    SEMICOLON  偏移，並進入狀態 80


狀態 54

   27 optional_var: VAR .

    $預設  使用規則 27 以縮減 (optional_var)


狀態 55

   23 arguments: LPAREN parameter_list . RPAREN

    RPAREN  偏移，並進入狀態 81


狀態 56

   25 parameter_list: optional_var . identifier_list COLON type
   26               | optional_var . identifier_list COLON type SEMICOLON parameter_list

    IDENTIFIER  偏移，並進入狀態 3

    id               進入狀態 9
    identifier_list  進入狀態 82


狀態 57

   21 subprogram_head: FUNCTION id arguments COLON . standard_type SEMICOLON

    STRING   偏移，並進入狀態 34
    INTEGER  偏移，並進入狀態 35
    REAL     偏移，並進入狀態 36

    standard_type  進入狀態 83


狀態 58

    5 num: DIGSEQ .

    $預設  使用規則 5 以縮減 (num)


狀態 59

   61 factor: LPAREN . expression RPAREN

    DIGSEQ      偏移，並進入狀態 58
    IDENTIFIER  偏移，並進入狀態 3
    LPAREN      偏移，並進入狀態 59
    NOT         偏移，並進入狀態 60
    STRING      偏移，並進入狀態 61
    REALNUMBER  偏移，並進入狀態 62

    num                進入狀態 63
    id                 進入狀態 64
    expression         進入狀態 84
    boolexpression     進入狀態 66
    simple_expression  進入狀態 67
    term               進入狀態 68
    factor             進入狀態 69


狀態 60

   62 factor: NOT . factor

    DIGSEQ      偏移，並進入狀態 58
    IDENTIFIER  偏移，並進入狀態 3
    LPAREN      偏移，並進入狀態 59
    NOT         偏移，並進入狀態 60
    STRING      偏移，並進入狀態 61
    REALNUMBER  偏移，並進入狀態 62

    num     進入狀態 63
    id      進入狀態 64
    factor  進入狀態 85


狀態 61

   60 factor: STRING .

    $預設  使用規則 60 以縮減 (factor)


狀態 62

    6 num: REALNUMBER .

    $預設  使用規則 6 以縮減 (num)


狀態 63

   59 factor: num .

    $預設  使用規則 59 以縮減 (factor)


狀態 64

   57 factor: id . tail
   58       | id . LPAREN expression_list RPAREN

    LBRAC   偏移，並進入狀態 71
    LPAREN  偏移，並進入狀態 86

    $預設  使用規則 43 以縮減 (tail)

    tail  進入狀態 87


狀態 65

   38 statement: IF expression . THEN statement ELSE statement

    THEN  偏移，並進入狀態 88


狀態 66

   48 expression: boolexpression .
   49           | boolexpression . AND boolexpression
   50           | boolexpression . OR boolexpression

    AND  偏移，並進入狀態 89
    OR   偏移，並進入狀態 90

    $預設  使用規則 48 以縮減 (expression)


狀態 67

   51 boolexpression: simple_expression .
   52               | simple_expression . relop simple_expression
   54 simple_expression: simple_expression . addop term

    EQUAL     偏移，並進入狀態 91
    GE        偏移，並進入狀態 92
    GT        偏移，並進入狀態 93
    LE        偏移，並進入狀態 94
    LT        偏移，並進入狀態 95
    MINUS     偏移，並進入狀態 96
    notEQUAL  偏移，並進入狀態 97
    PLUS      偏移，並進入狀態 98

    $預設  使用規則 51 以縮減 (boolexpression)

    addop  進入狀態 99
    relop  進入狀態 100


狀態 68

   53 simple_expression: term .
   56 term: term . mulop factor

    SLASH  偏移，並進入狀態 101
    STAR   偏移，並進入狀態 102

    $預設  使用規則 53 以縮減 (simple_expression)

    mulop  進入狀態 103


狀態 69

   55 term: factor .

    $預設  使用規則 55 以縮減 (term)


狀態 70

   39 statement: WHILE expression . DO statement

    DO  偏移，並進入狀態 104


狀態 71

   42 tail: LBRAC . expression RBRAC tail

    DIGSEQ      偏移，並進入狀態 58
    IDENTIFIER  偏移，並進入狀態 3
    LPAREN      偏移，並進入狀態 59
    NOT         偏移，並進入狀態 60
    STRING      偏移，並進入狀態 61
    REALNUMBER  偏移，並進入狀態 62

    num                進入狀態 63
    id                 進入狀態 64
    expression         進入狀態 105
    boolexpression     進入狀態 66
    simple_expression  進入狀態 67
    term               進入狀態 68
    factor             進入狀態 69


狀態 72

   45 procedure_statement: id LPAREN . expression_list RPAREN

    DIGSEQ      偏移，並進入狀態 58
    IDENTIFIER  偏移，並進入狀態 3
    LPAREN      偏移，並進入狀態 59
    NOT         偏移，並進入狀態 60
    STRING      偏移，並進入狀態 61
    REALNUMBER  偏移，並進入狀態 62

    num                進入狀態 63
    id                 進入狀態 64
    expression_list    進入狀態 106
    expression         進入狀態 107
    boolexpression     進入狀態 66
    simple_expression  進入狀態 67
    term               進入狀態 68
    factor             進入狀態 69


狀態 73

   41 variable: id tail .

    $預設  使用規則 41 以縮減 (variable)


狀態 74

   30 compound_statement: PBEGIN $@5 optional_statements END .

    $預設  使用規則 30 以縮減 (compound_statement)


狀態 75

   34 statement_list: statement_list SEMICOLON . statement

    IDENTIFIER  偏移，並進入狀態 3
    IF          偏移，並進入狀態 41
    PBEGIN      偏移，並進入狀態 21
    WHILE       偏移，並進入狀態 42

    $預設  使用規則 40 以縮減 (statement)

    id                   進入狀態 43
    compound_statement   進入狀態 44
    statement            進入狀態 108
    variable             進入狀態 48
    procedure_statement  進入狀態 49


狀態 76

   35 statement: variable ASSIGNMENT . expression

    DIGSEQ      偏移，並進入狀態 58
    IDENTIFIER  偏移，並進入狀態 3
    LPAREN      偏移，並進入狀態 59
    NOT         偏移，並進入狀態 60
    STRING      偏移，並進入狀態 61
    REALNUMBER  偏移，並進入狀態 62

    num                進入狀態 63
    id                 進入狀態 64
    expression         進入狀態 109
    boolexpression     進入狀態 66
    simple_expression  進入狀態 67
    term               進入狀態 68
    factor             進入狀態 69


狀態 77

   22 subprogram_head: PROCEDURE id arguments SEMICOLON .

    $預設  使用規則 22 以縮減 (subprogram_head)


狀態 78

   20 subprogram_declaration: subprogram_head declarations subprogram_declarations compound_statement .

    $預設  使用規則 20 以縮減 (subprogram_declaration)


狀態 79

   14 type: ARRAY LBRAC num . DOTDOT num RBRAC OF type

    DOTDOT  偏移，並進入狀態 110


狀態 80

   11 declarations: declarations VAR identifier_list COLON type $@4 SEMICOLON .

    $預設  使用規則 11 以縮減 (declarations)


狀態 81

   23 arguments: LPAREN parameter_list RPAREN .

    $預設  使用規則 23 以縮減 (arguments)


狀態 82

    9 identifier_list: identifier_list . COMMA id
   25 parameter_list: optional_var identifier_list . COLON type
   26               | optional_var identifier_list . COLON type SEMICOLON parameter_list

    COLON  偏移，並進入狀態 111
    COMMA  偏移，並進入狀態 11


狀態 83

   21 subprogram_head: FUNCTION id arguments COLON standard_type . SEMICOLON

    SEMICOLON  偏移，並進入狀態 112


狀態 84

   61 factor: LPAREN expression . RPAREN

    RPAREN  偏移，並進入狀態 113


狀態 85

   62 factor: NOT factor .

    $預設  使用規則 62 以縮減 (factor)


狀態 86

   58 factor: id LPAREN . expression_list RPAREN

    DIGSEQ      偏移，並進入狀態 58
    IDENTIFIER  偏移，並進入狀態 3
    LPAREN      偏移，並進入狀態 59
    NOT         偏移，並進入狀態 60
    STRING      偏移，並進入狀態 61
    REALNUMBER  偏移，並進入狀態 62

    num                進入狀態 63
    id                 進入狀態 64
    expression_list    進入狀態 114
    expression         進入狀態 107
    boolexpression     進入狀態 66
    simple_expression  進入狀態 67
    term               進入狀態 68
    factor             進入狀態 69


狀態 87

   57 factor: id tail .

    $預設  使用規則 57 以縮減 (factor)


狀態 88

   38 statement: IF expression THEN . statement ELSE statement

    IDENTIFIER  偏移，並進入狀態 3
    IF          偏移，並進入狀態 41
    PBEGIN      偏移，並進入狀態 21
    WHILE       偏移，並進入狀態 42

    $預設  使用規則 40 以縮減 (statement)

    id                   進入狀態 43
    compound_statement   進入狀態 44
    statement            進入狀態 115
    variable             進入狀態 48
    procedure_statement  進入狀態 49


狀態 89

   49 expression: boolexpression AND . boolexpression

    DIGSEQ      偏移，並進入狀態 58
    IDENTIFIER  偏移，並進入狀態 3
    LPAREN      偏移，並進入狀態 59
    NOT         偏移，並進入狀態 60
    STRING      偏移，並進入狀態 61
    REALNUMBER  偏移，並進入狀態 62

    num                進入狀態 63
    id                 進入狀態 64
    boolexpression     進入狀態 116
    simple_expression  進入狀態 67
    term               進入狀態 68
    factor             進入狀態 69


狀態 90

   50 expression: boolexpression OR . boolexpression

    DIGSEQ      偏移，並進入狀態 58
    IDENTIFIER  偏移，並進入狀態 3
    LPAREN      偏移，並進入狀態 59
    NOT         偏移，並進入狀態 60
    STRING      偏移，並進入狀態 61
    REALNUMBER  偏移，並進入狀態 62

    num                進入狀態 63
    id                 進入狀態 64
    boolexpression     進入狀態 117
    simple_expression  進入狀態 67
    term               進入狀態 68
    factor             進入狀態 69


狀態 91

   69 relop: EQUAL .

    $預設  使用規則 69 以縮減 (relop)


狀態 92

   71 relop: GE .

    $預設  使用規則 71 以縮減 (relop)


狀態 93

   68 relop: GT .

    $預設  使用規則 68 以縮減 (relop)


狀態 94

   70 relop: LE .

    $預設  使用規則 70 以縮減 (relop)


狀態 95

   67 relop: LT .

    $預設  使用規則 67 以縮減 (relop)


狀態 96

   64 addop: MINUS .

    $預設  使用規則 64 以縮減 (addop)


狀態 97

   72 relop: notEQUAL .

    $預設  使用規則 72 以縮減 (relop)


狀態 98

   63 addop: PLUS .

    $預設  使用規則 63 以縮減 (addop)


狀態 99

   54 simple_expression: simple_expression addop . term

    DIGSEQ      偏移，並進入狀態 58
    IDENTIFIER  偏移，並進入狀態 3
    LPAREN      偏移，並進入狀態 59
    NOT         偏移，並進入狀態 60
    STRING      偏移，並進入狀態 61
    REALNUMBER  偏移，並進入狀態 62

    num     進入狀態 63
    id      進入狀態 64
    term    進入狀態 118
    factor  進入狀態 69


狀態 100

   52 boolexpression: simple_expression relop . simple_expression

    DIGSEQ      偏移，並進入狀態 58
    IDENTIFIER  偏移，並進入狀態 3
    LPAREN      偏移，並進入狀態 59
    NOT         偏移，並進入狀態 60
    STRING      偏移，並進入狀態 61
    REALNUMBER  偏移，並進入狀態 62

    num                進入狀態 63
    id                 進入狀態 64
    simple_expression  進入狀態 119
    term               進入狀態 68
    factor             進入狀態 69


狀態 101

   66 mulop: SLASH .

    $預設  使用規則 66 以縮減 (mulop)


狀態 102

   65 mulop: STAR .

    $預設  使用規則 65 以縮減 (mulop)


狀態 103

   56 term: term mulop . factor

    DIGSEQ      偏移，並進入狀態 58
    IDENTIFIER  偏移，並進入狀態 3
    LPAREN      偏移，並進入狀態 59
    NOT         偏移，並進入狀態 60
    STRING      偏移，並進入狀態 61
    REALNUMBER  偏移，並進入狀態 62

    num     進入狀態 63
    id      進入狀態 64
    factor  進入狀態 120


狀態 104

   39 statement: WHILE expression DO . statement

    IDENTIFIER  偏移，並進入狀態 3
    IF          偏移，並進入狀態 41
    PBEGIN      偏移，並進入狀態 21
    WHILE       偏移，並進入狀態 42

    $預設  使用規則 40 以縮減 (statement)

    id                   進入狀態 43
    compound_statement   進入狀態 44
    statement            進入狀態 121
    variable             進入狀態 48
    procedure_statement  進入狀態 49


狀態 105

   42 tail: LBRAC expression . RBRAC tail

    RBRAC  偏移，並進入狀態 122


狀態 106

   45 procedure_statement: id LPAREN expression_list . RPAREN
   47 expression_list: expression_list . COMMA expression

    COMMA   偏移，並進入狀態 123
    RPAREN  偏移，並進入狀態 124


狀態 107

   46 expression_list: expression .

    $預設  使用規則 46 以縮減 (expression_list)


狀態 108

   34 statement_list: statement_list SEMICOLON statement .

    $預設  使用規則 34 以縮減 (statement_list)


狀態 109

   35 statement: variable ASSIGNMENT expression .

    $預設  使用規則 35 以縮減 (statement)


狀態 110

   14 type: ARRAY LBRAC num DOTDOT . num RBRAC OF type

    DIGSEQ      偏移，並進入狀態 58
    REALNUMBER  偏移，並進入狀態 62

    num  進入狀態 125


狀態 111

   25 parameter_list: optional_var identifier_list COLON . type
   26               | optional_var identifier_list COLON . type SEMICOLON parameter_list

    ARRAY    偏移，並進入狀態 33
    STRING   偏移，並進入狀態 34
    INTEGER  偏移，並進入狀態 35
    REAL     偏移，並進入狀態 36

    type           進入狀態 126
    standard_type  進入狀態 38


狀態 112

   21 subprogram_head: FUNCTION id arguments COLON standard_type SEMICOLON .

    $預設  使用規則 21 以縮減 (subprogram_head)


狀態 113

   61 factor: LPAREN expression RPAREN .

    $預設  使用規則 61 以縮減 (factor)


狀態 114

   47 expression_list: expression_list . COMMA expression
   58 factor: id LPAREN expression_list . RPAREN

    COMMA   偏移，並進入狀態 123
    RPAREN  偏移，並進入狀態 127


狀態 115

   38 statement: IF expression THEN statement . ELSE statement

    ELSE  偏移，並進入狀態 128


狀態 116

   49 expression: boolexpression AND boolexpression .

    $預設  使用規則 49 以縮減 (expression)


狀態 117

   50 expression: boolexpression OR boolexpression .

    $預設  使用規則 50 以縮減 (expression)


狀態 118

   54 simple_expression: simple_expression addop term .
   56 term: term . mulop factor

    SLASH  偏移，並進入狀態 101
    STAR   偏移，並進入狀態 102

    $預設  使用規則 54 以縮減 (simple_expression)

    mulop  進入狀態 103


狀態 119

   52 boolexpression: simple_expression relop simple_expression .
   54 simple_expression: simple_expression . addop term

    MINUS  偏移，並進入狀態 96
    PLUS   偏移，並進入狀態 98

    $預設  使用規則 52 以縮減 (boolexpression)

    addop  進入狀態 99


狀態 120

   56 term: term mulop factor .

    $預設  使用規則 56 以縮減 (term)


狀態 121

   39 statement: WHILE expression DO statement .

    $預設  使用規則 39 以縮減 (statement)


狀態 122

   42 tail: LBRAC expression RBRAC . tail

    LBRAC  偏移，並進入狀態 71

    $預設  使用規則 43 以縮減 (tail)

    tail  進入狀態 129


狀態 123

   47 expression_list: expression_list COMMA . expression

    DIGSEQ      偏移，並進入狀態 58
    IDENTIFIER  偏移，並進入狀態 3
    LPAREN      偏移，並進入狀態 59
    NOT         偏移，並進入狀態 60
    STRING      偏移，並進入狀態 61
    REALNUMBER  偏移，並進入狀態 62

    num                進入狀態 63
    id                 進入狀態 64
    expression         進入狀態 130
    boolexpression     進入狀態 66
    simple_expression  進入狀態 67
    term               進入狀態 68
    factor             進入狀態 69


狀態 124

   45 procedure_statement: id LPAREN expression_list RPAREN .

    $預設  使用規則 45 以縮減 (procedure_statement)


狀態 125

   14 type: ARRAY LBRAC num DOTDOT num . RBRAC OF type

    RBRAC  偏移，並進入狀態 131


狀態 126

   25 parameter_list: optional_var identifier_list COLON type .
   26               | optional_var identifier_list COLON type . SEMICOLON parameter_list

    SEMICOLON  偏移，並進入狀態 132

    $預設  使用規則 25 以縮減 (parameter_list)


狀態 127

   58 factor: id LPAREN expression_list RPAREN .

    $預設  使用規則 58 以縮減 (factor)


狀態 128

   38 statement: IF expression THEN statement ELSE . statement

    IDENTIFIER  偏移，並進入狀態 3
    IF          偏移，並進入狀態 41
    PBEGIN      偏移，並進入狀態 21
    WHILE       偏移，並進入狀態 42

    $預設  使用規則 40 以縮減 (statement)

    id                   進入狀態 43
    compound_statement   進入狀態 44
    statement            進入狀態 133
    variable             進入狀態 48
    procedure_statement  進入狀態 49


狀態 129

   42 tail: LBRAC expression RBRAC tail .

    $預設  使用規則 42 以縮減 (tail)


狀態 130

   47 expression_list: expression_list COMMA expression .

    $預設  使用規則 47 以縮減 (expression_list)


狀態 131

   14 type: ARRAY LBRAC num DOTDOT num RBRAC . OF type

    OF  偏移，並進入狀態 134


狀態 132

   26 parameter_list: optional_var identifier_list COLON type SEMICOLON . parameter_list

    VAR  偏移，並進入狀態 54

    $預設  使用規則 28 以縮減 (optional_var)

    parameter_list  進入狀態 135
    optional_var    進入狀態 56


狀態 133

   38 statement: IF expression THEN statement ELSE statement .

    $預設  使用規則 38 以縮減 (statement)


狀態 134

   14 type: ARRAY LBRAC num DOTDOT num RBRAC OF . type

    ARRAY    偏移，並進入狀態 33
    STRING   偏移，並進入狀態 34
    INTEGER  偏移，並進入狀態 35
    REAL     偏移，並進入狀態 36

    type           進入狀態 136
    standard_type  進入狀態 38


狀態 135

   26 parameter_list: optional_var identifier_list COLON type SEMICOLON parameter_list .

    $預設  使用規則 26 以縮減 (parameter_list)


狀態 136

   14 type: ARRAY LBRAC num DOTDOT num RBRAC OF type .

    $預設  使用規則 14 以縮減 (type)
